{"level":"info","message":"Accessed route: GET /movie/all","timestamp":"2023-11-25T22:14:20.286Z"}
{"level":"info","message":"Accessed route: GET /movie/getRecommendedMovies","timestamp":"2023-11-25T22:14:20.309Z"}
{"level":"info","message":"Accessed route: GET null /movie/all","timestamp":"2023-11-25T22:29:10.932Z"}
{"level":"info","message":"Accessed route: GET null /movie/getRecommendedMovies","timestamp":"2023-11-25T22:29:10.966Z"}
{"level":"info","message":"Accessed route: GET null /movie/all","timestamp":"2023-11-25T22:47:38.206Z"}
{"level":"info","message":"Accessed route: GET null /movie/getRecommendedMovies","timestamp":"2023-11-25T22:47:38.234Z"}
{"level":"info","message":"Accessed route: GET undefined /movie/all","timestamp":"2023-11-25T22:47:51.682Z"}
{"level":"info","message":"Accessed route: GET undefined /movie/getRecommendedMovies","timestamp":"2023-11-25T22:47:51.698Z"}
{"level":"info","message":"Accessed route: OPTIONS  //user/signup","timestamp":"2023-11-26T00:37:28.269Z"}
{"level":"info","message":"Accessed route: POST  //user/signup","timestamp":"2023-11-26T00:37:28.285Z"}
{"level":"info","message":"Accessed route: OPTIONS  /user/signup","timestamp":"2023-11-26T00:37:36.125Z"}
{"level":"info","message":"Accessed route: POST  /user/signup","timestamp":"2023-11-26T00:37:36.128Z"}
{"level":"info","message":"Accessed route: OPTIONS  /user/signup","timestamp":"2023-11-26T00:39:44.051Z"}
{"level":"info","message":"Accessed route: POST  /user/signup","timestamp":"2023-11-26T00:39:44.057Z"}
{"level":"info","message":"Accessed route: OPTIONS  /user/signup","timestamp":"2023-11-26T00:46:59.906Z"}
{"level":"info","message":"Accessed route: POST  /user/signup","timestamp":"2023-11-26T00:46:59.964Z"}
{"level":"info","message":"Accessed route: OPTIONS  /user/signup","timestamp":"2023-11-26T00:47:46.264Z"}
{"level":"info","message":"Accessed route: POST  /user/signup","timestamp":"2023-11-26T00:47:46.290Z"}
{"level":"info","message":"Accessed route: OPTIONS  /user/signup","timestamp":"2023-11-26T00:49:55.280Z"}
{"level":"info","message":"Accessed route: POST  /user/signup","timestamp":"2023-11-26T00:49:55.303Z"}
{"level":"info","message":"Accessed route: OPTIONS  /user/signup","timestamp":"2023-11-26T00:50:06.535Z"}
{"level":"info","message":"Accessed route: POST  /user/signup","timestamp":"2023-11-26T00:50:06.546Z"}
{"level":"info","message":"Accessed route: POST  /user/signup","timestamp":"2023-11-26T03:05:28.980Z"}
{"level":"info","message":"Accessed route: POST  /user/signup","timestamp":"2023-11-26T03:05:49.014Z"}
{"level":"info","message":"Accessed route: POST  /user/signup","timestamp":"2023-11-26T03:06:18.045Z"}
{"level":"info","message":"Accessed route: POST  /user/signup","timestamp":"2023-11-26T03:06:31.336Z"}
{"level":"info","message":"Accessed route: POST  /user/signup","timestamp":"2023-11-26T03:22:08.464Z"}
{"level":"info","message":"Accessed route: POST  /user/signup","timestamp":"2023-11-26T03:22:25.003Z"}
{"level":"info","message":"Accessed route: POST  /user/signup","timestamp":"2023-11-26T03:23:10.663Z"}
{"level":"info","message":"Accessed route: POST  /user/signup","timestamp":"2023-11-26T03:23:24.385Z"}
{"level":"info","message":"Accessed route: GET  /theater/all","timestamp":"2023-11-26T03:33:14.016Z"}
{"level":"info","message":"Accessed route: GET  /artist/all","timestamp":"2023-11-26T03:33:40.535Z"}
{"level":"info","message":"Accessed route: GET  /artist/all","timestamp":"2023-11-26T03:33:40.711Z"}
{"level":"info","message":"Accessed route: GET  /artist/all","timestamp":"2023-11-26T03:36:49.840Z"}
{"level":"info","message":"Accessed route: GET  /artist/all","timestamp":"2023-11-26T03:36:50.020Z"}
{"level":"info","message":"Accessed route: GET  /artist/all","timestamp":"2023-11-26T03:37:06.021Z"}
{"level":"info","message":"Accessed route: GET  /artist/all","timestamp":"2023-11-26T03:37:06.182Z"}
{"level":"info","message":"Accessed route: GET  /artist/all","timestamp":"2023-11-26T03:37:12.621Z"}
{"level":"info","message":"Accessed route: GET  /artist/all","timestamp":"2023-11-26T03:37:12.809Z"}
{"level":"info","message":"Accessed route: GET  /artist/all","timestamp":"2023-11-26T03:37:33.161Z"}
{"level":"info","message":"Accessed route: GET  /artist/all","timestamp":"2023-11-26T03:37:33.328Z"}
{"level":"info","message":"Accessed route: GET  /artist/all","timestamp":"2023-11-26T03:37:45.035Z"}
{"level":"info","message":"Accessed route: GET  /artist/all","timestamp":"2023-11-26T03:37:45.198Z"}
{"level":"info","message":"Accessed route: GET  /artist/all","timestamp":"2023-11-26T03:37:45.362Z"}
{"level":"info","message":"Accessed route: GET  /artist/all","timestamp":"2023-11-26T03:37:45.527Z"}
{"level":"info","message":"Accessed route: GET  /artist/all","timestamp":"2023-11-26T03:37:45.694Z"}
{"level":"info","message":"Accessed route: GET  /artist/all","timestamp":"2023-11-26T03:38:03.147Z"}
{"level":"info","message":"Accessed route: GET  /artist/all","timestamp":"2023-11-26T03:38:17.800Z"}
{"level":"info","message":"Accessed route: POST  /user/signup","timestamp":"2023-11-26T03:57:38.344Z"}
{"level":"info","message":"Accessed route: POST  /user/signup","timestamp":"2023-11-26T03:58:12.830Z"}
{"level":"info","message":"Accessed route: POST  /user/signup","timestamp":"2023-11-26T03:59:45.504Z"}
{"level":"info","message":"Accessed route: POST  /user/signup","timestamp":"2023-11-26T04:00:25.223Z"}
{"level":"info","message":"Accessed route: POST  /user/signup","timestamp":"2023-11-26T04:01:03.345Z"}
{"level":"info","message":"Accessed route: POST  /user/signup","timestamp":"2023-11-26T04:01:42.210Z"}
{"level":"info","message":"Accessed route: GET  /artist/all","timestamp":"2023-11-26T04:10:54.694Z"}
{"level":"info","message":"Accessed route: GET  /movie/all","timestamp":"2023-11-26T04:11:21.497Z"}
{"level":"info","message":"Accessed route: GET  /movie/getRecommendedMovies","timestamp":"2023-11-26T04:11:21.504Z"}
{"level":"info","message":"Accessed route: POST  /user/signup","timestamp":"2023-11-26T06:48:09.749Z"}
{"level":"info","message":"Accessed route: POST  /user/signup","timestamp":"2023-11-26T06:49:10.316Z"}
{"level":"info","message":"Accessed route: GET  /theater/all","timestamp":"2023-11-26T22:35:01.047Z"}
{"level":"info","message":"Accessed route: GET  /user/addUser","timestamp":"2023-11-26T22:36:58.780Z"}
{"level":"info","message":"Accessed route: GET  /user/addUser","timestamp":"2023-11-26T22:38:20.664Z"}
{"level":"info","message":"Accessed route: GET  /user/addUser","timestamp":"2023-11-26T22:41:24.391Z"}
{"level":"info","message":"Accessed route: GET  /user/addUser","timestamp":"2023-11-26T22:43:15.682Z"}
{"level":"info","message":"Accessed route: GET  /user/addUser","timestamp":"2023-11-26T22:44:00.648Z"}
{"level":"info","message":"Accessed route: GET  /user/addUser","timestamp":"2023-11-26T22:44:29.543Z"}
{"level":"info","message":"Accessed route: GET  /user/addUser","timestamp":"2023-11-26T22:44:58.405Z"}
{"level":"info","message":"Accessed route: GET  /user/addUser","timestamp":"2023-11-26T22:47:33.051Z"}
{"level":"info","message":"Accessed route: GET  /user/addUser","timestamp":"2023-11-26T22:49:21.805Z"}
{"level":"info","message":"Accessed route: GET  /user/addUser","timestamp":"2023-11-26T22:50:38.098Z"}
{"level":"info","message":"Accessed route: GET  /user/addUser","timestamp":"2023-11-26T23:04:59.751Z"}
{"level":"info","message":"Accessed route: GET  /user/addUser","timestamp":"2023-11-26T23:28:55.231Z"}
{"level":"info","message":"Accessed route: GET  /user/addUser","timestamp":"2023-11-26T23:57:35.357Z"}
{"level":"info","message":"Accessed route: GET  /user/addUser","timestamp":"2023-11-26T23:59:00.760Z"}
{"level":"info","message":"Accessed route: GET  /user/addUser","timestamp":"2023-11-27T01:37:20.883Z"}
{"level":"info","message":"Accessed route: GET  /user/addUser","timestamp":"2023-11-27T01:47:02.376Z"}
{"level":"info","message":"Accessed route: GET  /theater/theatersNearMe/95126","timestamp":"2023-11-27T03:06:53.088Z"}
{"level":"info","message":"Accessed route: GET  /theater/theatersNearMe/95126","timestamp":"2023-11-27T03:08:04.468Z"}
{"level":"info","message":"Accessed route: GET  /theater/theatersNearMe/95126","timestamp":"2023-11-27T03:09:14.220Z"}
{"level":"info","message":"Accessed route: GET  /theater/theatersNearMe/95126","timestamp":"2023-11-27T03:10:42.857Z"}
{"level":"info","message":"Accessed route: GET  /theater/theatersNearMe/95126","timestamp":"2023-11-27T03:11:14.413Z"}
{"level":"info","message":"Accessed route: GET  /theater/theatersNearMe/95126","timestamp":"2023-11-27T03:11:38.389Z"}
{"level":"info","message":"Accessed route: GET  /theater/theatersNearMe/95126","timestamp":"2023-11-27T03:13:08.139Z"}
{"level":"info","message":"Accessed route: GET  /theater/theatersNearMe/95126","timestamp":"2023-11-27T03:13:52.888Z"}
{"level":"info","message":"Accessed route: GET  /theater/theatersNearMe/95126","timestamp":"2023-11-27T03:14:10.145Z"}
{"level":"info","message":"Accessed route: GET  /theater/theatersNearMe/95126","timestamp":"2023-11-27T03:15:13.074Z"}
{"level":"info","message":"Accessed route: GET  /theater/theatersNearMe/95126","timestamp":"2023-11-27T03:17:22.251Z"}
{"level":"info","message":"Accessed route: GET  /theater/theatersNearMe/95126","timestamp":"2023-11-27T03:18:27.280Z"}
{"level":"info","message":"Accessed route: GET  /movie/n6j8gwizlpdfqj8t","timestamp":"2023-11-27T03:19:40.966Z"}
{"level":"info","message":"Accessed route: GET  /theater/getAllTheatersScreens/n6j8gwizlpdfqj8t","timestamp":"2023-11-27T03:19:50.057Z"}
{"level":"info","message":"Accessed route: GET  /movie/movie-1","timestamp":"2023-11-27T03:20:00.259Z"}
{"level":"info","message":"Accessed route: GET  /movie/all","timestamp":"2023-11-27T03:20:01.309Z"}
{"level":"info","message":"Accessed route: GET  /movie/getRecommendedMovies","timestamp":"2023-11-27T03:20:01.316Z"}
{"level":"info","message":"Accessed route: GET  /movie/n6j8gwizlpdfvrbu","timestamp":"2023-11-27T03:20:03.518Z"}
{"level":"info","message":"Accessed route: GET  /theater/getAllTheatersScreens/n6j8gwizlpdfvrbu","timestamp":"2023-11-27T03:20:07.813Z"}
{"level":"info","message":"Accessed route: GET  /theater/all","timestamp":"2023-11-27T03:20:58.141Z"}
{"level":"info","message":"Accessed route: GET  /screen/n6j8g1grolp9maxw1","timestamp":"2023-11-27T03:21:08.182Z"}
{"level":"info","message":"Accessed route: GET  /movie/all","timestamp":"2023-11-27T03:21:08.195Z"}
{"level":"info","message":"Accessed route: GET  /theater/getAllTheatersScreens/n6j8gwizlpdfvrbu","timestamp":"2023-11-27T03:21:15.471Z"}
{"level":"info","message":"Accessed route: GET  /movie/all","timestamp":"2023-11-27T03:22:22.188Z"}
{"level":"info","message":"Accessed route: GET  /theater/all","timestamp":"2023-11-27T03:22:23.146Z"}
{"level":"info","message":"Accessed route: GET  /movie/all","timestamp":"2023-11-27T03:22:27.386Z"}
{"level":"info","message":"Accessed route: GET  /screen/n6j8g1grolp9maxw1","timestamp":"2023-11-27T03:22:27.391Z"}
{"level":"info","message":"Accessed route: OPTIONS  /screen/addMovie","timestamp":"2023-11-27T03:22:37.859Z"}
{"level":"info","message":"Accessed route: POST  /screen/addMovie","timestamp":"2023-11-27T03:22:37.863Z"}
{"level":"info","message":"Accessed route: OPTIONS  /screen/addMovie","timestamp":"2023-11-27T03:23:03.945Z"}
{"level":"info","message":"Accessed route: POST  /screen/addMovie","timestamp":"2023-11-27T03:23:03.959Z"}
{"level":"info","message":"Accessed route: OPTIONS  /screen/addMovie","timestamp":"2023-11-27T03:24:16.000Z"}
{"level":"info","message":"Accessed route: POST  /screen/addMovie","timestamp":"2023-11-27T03:24:16.010Z"}
{"level":"info","message":"Accessed route: GET  /screen/n6j8g1grolp9maxw1","timestamp":"2023-11-27T03:24:16.928Z"}
{"level":"info","message":"Accessed route: GET  /theater/getAllTheatersScreens/n6j8gwizlpdfh61e","timestamp":"2023-11-27T03:24:27.155Z"}
{"level":"info","message":"Accessed route: OPTIONS  /screen/getScreenLayout","timestamp":"2023-11-27T03:24:37.359Z"}
{"level":"info","message":"Accessed route: POST  /screen/getScreenLayout","timestamp":"2023-11-27T03:24:37.362Z"}
{"level":"info","message":"Accessed route: OPTIONS  /payment/buyTickets","timestamp":"2023-11-27T03:25:27.849Z"}
{"level":"info","message":"Accessed route: POST  /payment/buyTickets","timestamp":"2023-11-27T03:25:27.873Z"}
{"level":"info","message":"Accessed route: OPTIONS  /payment/buyTickets","timestamp":"2023-11-27T03:32:03.780Z"}
{"level":"info","message":"Accessed route: POST  /payment/buyTickets","timestamp":"2023-11-27T03:32:03.797Z"}
{"level":"info","message":"Accessed route: OPTIONS  /payment/buyTickets","timestamp":"2023-11-27T03:32:58.221Z"}
{"level":"info","message":"Accessed route: POST  /payment/buyTickets","timestamp":"2023-11-27T03:32:58.228Z"}
{"level":"info","message":"Accessed route: OPTIONS  /payment/buyTickets","timestamp":"2023-11-27T03:33:11.228Z"}
{"level":"info","message":"Accessed route: POST  /payment/buyTickets","timestamp":"2023-11-27T03:33:11.236Z"}
{"level":"info","message":"Accessed route: OPTIONS  /payment/buyTickets","timestamp":"2023-11-27T03:33:26.066Z"}
{"level":"info","message":"Accessed route: POST  /payment/buyTickets","timestamp":"2023-11-27T03:33:26.074Z"}
{"level":"info","message":"Accessed route: OPTIONS  /payment/buyTickets","timestamp":"2023-11-27T03:33:40.594Z"}
{"level":"info","message":"Accessed route: POST  /payment/buyTickets","timestamp":"2023-11-27T03:33:40.607Z"}
{"level":"info","message":"Accessed route: GET  /theater/all","timestamp":"2023-11-27T03:59:17.393Z"}
{"level":"info","message":"Accessed route: GET  /screen/n6j8g1grolp9maxw1","timestamp":"2023-11-27T03:59:25.324Z"}
{"level":"info","message":"Accessed route: GET  /movie/all","timestamp":"2023-11-27T03:59:25.333Z"}
{"level":"info","message":"Accessed route: OPTIONS  /screen/addScreen","timestamp":"2023-11-27T03:59:58.608Z"}
{"level":"info","message":"Accessed route: POST  /screen/addScreen","timestamp":"2023-11-27T03:59:58.614Z"}
{"level":"info","message":"Accessed route: GET  /screen/n6j8g1grolp9maxw1","timestamp":"2023-11-27T04:04:56.605Z"}
{"level":"info","message":"Accessed route: GET  /movie/all","timestamp":"2023-11-27T04:04:56.715Z"}
{"level":"info","message":"Accessed route: GET  /theater/getAllTheatersScreens/n6j8gwizlpdfh61e","timestamp":"2023-11-27T04:05:02.330Z"}
{"level":"info","message":"Accessed route: OPTIONS  /screen/getScreenLayout","timestamp":"2023-11-27T04:05:11.321Z"}
{"level":"info","message":"Accessed route: POST  /screen/getScreenLayout","timestamp":"2023-11-27T04:05:11.326Z"}
{"level":"info","message":"Accessed route: OPTIONS  /payment/buyTickets","timestamp":"2023-11-27T04:05:16.876Z"}
{"level":"info","message":"Accessed route: POST  /payment/buyTickets","timestamp":"2023-11-27T04:05:16.879Z"}
{"level":"info","message":"Accessed route: OPTIONS  /payment/buyTickets","timestamp":"2023-11-27T04:07:01.524Z"}
{"level":"info","message":"Accessed route: POST  /payment/buyTickets","timestamp":"2023-11-27T04:07:01.540Z"}
{"level":"info","message":"Accessed route: GET  /theater/getAllTheatersScreens/n6j8gwizlpdfh61e","timestamp":"2023-11-27T04:07:54.161Z"}
{"level":"info","message":"Accessed route: OPTIONS  /screen/getScreenLayout","timestamp":"2023-11-27T04:08:03.503Z"}
{"level":"info","message":"Accessed route: POST  /screen/getScreenLayout","timestamp":"2023-11-27T04:08:03.516Z"}
{"level":"info","message":"Accessed route: OPTIONS  /payment/buyTickets","timestamp":"2023-11-27T04:08:10.334Z"}
{"level":"info","message":"Accessed route: POST  /payment/buyTickets","timestamp":"2023-11-27T04:08:10.337Z"}
{"level":"info","message":"Accessed route: OPTIONS  rtsp://[2600:1700:65a5:20d0:34ec:2c5e:fe6c:cf4e]/","timestamp":"2023-11-27T16:41:13.550Z"}
{"level":"info","message":"Accessed route: POST  /onvif/device_service","timestamp":"2023-11-27T16:41:13.588Z"}
{"level":"info","message":"Accessed route: OPTIONS  rtsp://192.168.1.193/","timestamp":"2023-11-27T16:41:13.996Z"}
{"level":"info","message":"Accessed route: POST  /onvif/device_service","timestamp":"2023-11-27T16:41:14.004Z"}
{"level":"info","message":"Accessed route: GET  /","timestamp":"2023-11-27T16:41:18.631Z"}
{"level":"info","message":"Accessed route: GET  /","timestamp":"2023-11-27T16:41:19.025Z"}
{"level":"info","message":"Accessed route: GET  /theater/all","timestamp":"2023-11-27T23:02:55.345Z"}
{"level":"info","message":"Accessed route: POST  /theater/add","timestamp":"2023-11-27T23:05:15.938Z"}
{"level":"info","message":"Accessed route: POST  /theater/add","timestamp":"2023-11-27T23:07:53.672Z"}
{"level":"info","message":"Accessed route: POST  /theater/add","timestamp":"2023-11-27T23:11:42.761Z"}
{"level":"info","message":"Accessed route: GET  /theater/all","timestamp":"2023-11-28T06:46:16.763Z"}
{"level":"info","message":"Accessed route: GET  /movie/all","timestamp":"2023-11-28T06:46:19.794Z"}
{"level":"info","message":"Accessed route: GET  /movie/getRecommendedMovies","timestamp":"2023-11-28T06:46:19.806Z"}
{"level":"info","message":"Accessed route: GET  /movie/all","timestamp":"2023-11-28T06:46:36.674Z"}
{"level":"info","message":"Accessed route: GET  /theater/all","timestamp":"2023-11-28T06:46:53.225Z"}
{"level":"info","message":"Accessed route: GET  /screen/n6j8g1grolp9maxw1","timestamp":"2023-11-28T06:47:03.081Z"}
{"level":"info","message":"Accessed route: GET  /movie/all","timestamp":"2023-11-28T06:47:03.091Z"}
{"level":"info","message":"Accessed route: GET  /theater/all","timestamp":"2023-11-28T06:47:05.224Z"}
{"level":"info","message":"Accessed route: GET  /theater/all","timestamp":"2023-11-28T06:47:07.434Z"}
{"level":"info","message":"Accessed route: GET  /screen/n6j8g1grolp9maxw1","timestamp":"2023-11-28T06:47:10.135Z"}
{"level":"info","message":"Accessed route: GET  /movie/all","timestamp":"2023-11-28T06:47:10.140Z"}
{"level":"info","message":"Accessed route: GET  /theater/getAllTheatersScreens/n6j8gwizlpdfh61e","timestamp":"2023-11-28T06:47:28.887Z"}
{"level":"info","message":"Accessed route: GET  /theater/all","timestamp":"2023-11-28T06:47:43.210Z"}
{"level":"info","message":"Accessed route: GET  /screen/n6j8g1grolp9maxw1","timestamp":"2023-11-28T06:47:50.886Z"}
{"level":"info","message":"Accessed route: GET  /movie/all","timestamp":"2023-11-28T06:47:50.889Z"}
{"level":"info","message":"Accessed route: GET  /theater/all","timestamp":"2023-11-28T07:02:21.149Z"}
{"level":"info","message":"Accessed route: GET  /screen/n6j8g1grolp9maxw1","timestamp":"2023-11-28T07:03:04.706Z"}
{"level":"info","message":"Accessed route: GET  /movie/all","timestamp":"2023-11-28T07:03:04.719Z"}
